-------------------------------------------------------------------------------
Test set: com.fy.msqlflyh.MsqlFlyhApplicationTests
-------------------------------------------------------------------------------
Tests run: 1, Failures: 0, Errors: 1, Skipped: 0, Time elapsed: 6.954 s <<< FAILURE! - in com.fy.msqlflyh.MsqlFlyhApplicationTests
contextLoads(com.fy.msqlflyh.MsqlFlyhApplicationTests)  Time elapsed: 0.003 s  <<< ERROR!
java.lang.IllegalStateException: Failed to load ApplicationContext
Caused by: org.springframework.beans.factory.BeanCreationException: Error creating bean with name 'entityManagerFactory' defined in class path resource [org/springframework/boot/autoconfigure/orm/jpa/HibernateJpaConfiguration.class]: Invocation of init method failed; nested exception is org.hibernate.AnnotationException: @OneToOne or @ManyToOne on com.fy.msqlflyh.Domain.Item.product references an unknown entity: com.fy.msqlflyh.Domain.Product
Caused by: org.hibernate.AnnotationException: @OneToOne or @ManyToOne on com.fy.msqlflyh.Domain.Item.product references an unknown entity: com.fy.msqlflyh.Domain.Product

